# JRE version: OpenJDK Runtime Environment Temurin-21.0.10+7 (21.0.10+7) (build 21.0.10+7-LTS)
# Java VM: OpenJDK 64-Bit Server VM Temurin-21.0.10+7 (21.0.10+7-LTS, mixed mode, sharing, tiered, compressed oops, compressed class ptrs, parallel gc, windows-amd64)
GC Precious Log:
 CardTable entry size: 512
 CPUs: 8 total, 8 available
 Memory: 15647M
 Large Page Support: Disabled
 NUMA Support: Disabled
 Compressed Oops: Enabled (32-bit)
 Alignments: Space 512K, Generation 512K, Heap 2M
 Heap Min Capacity: 100M
 Heap Initial Capacity: 100M
 Heap Max Capacity: 2G
 Pre-touch: Disabled
 Parallel Workers: 8
Heap:
 PSYoungGen      total 10752K, used 8778K [0x00000000d5580000, 0x00000000d6200000, 0x0000000100000000)
  eden space 9728K, 81% used [0x00000000d5580000,0x00000000d5d32918,0x00000000d5f00000)
  from space 1024K, 87% used [0x00000000d6100000,0x00000000d61e0000,0x00000000d6200000)
  to   space 1024K, 0% used [0x00000000d6000000,0x00000000d6000000,0x00000000d6100000)
 ParOldGen       total 68608K, used 65607K [0x0000000080000000, 0x0000000084300000, 0x00000000d5580000)
  object space 68608K, 95% used [0x0000000080000000,0x0000000084011e00,0x0000000084300000)
 Metaspace       used 71959K, committed 73472K, reserved 1114112K
  class space    used 8856K, committed 9536K, reserved 1048576K
GC Heap History (20 events):
Event: 59.310 GC heap before
{Heap before GC invocations=83 (full 3):
 PSYoungGen      total 12800K, used 12352K [0x00000000d5580000, 0x00000000d6300000, 0x0000000100000000)
  eden space 11776K, 100% used [0x00000000d5580000,0x00000000d6100000,0x00000000d6100000)
  from space 1024K, 56% used [0x00000000d6100000,0x00000000d6190000,0x00000000d6200000)
  to   space 1024K, 0% used [0x00000000d6200000,0x00000000d6200000,0x00000000d6300000)
 ParOldGen       total 68608K, used 59060K [0x0000000080000000, 0x0000000084300000, 0x00000000d5580000)
  object space 68608K, 86% used [0x0000000080000000,0x00000000839ad2f0,0x0000000084300000)
 Metaspace       used 68781K, committed 70336K, reserved 1114112K
  class space    used 8527K, committed 9280K, reserved 1048576K
}
Event: 59.313 GC heap after
{Heap after GC invocations=83 (full 3):
 PSYoungGen      total 12288K, used 224K [0x00000000d5580000, 0x00000000d6280000, 0x0000000100000000)
  eden space 11776K, 0% used [0x00000000d5580000,0x00000000d5580000,0x00000000d6100000)
  from space 512K, 43% used [0x00000000d6200000,0x00000000d6238000,0x00000000d6280000)
  to   space 512K, 0% used [0x00000000d6180000,0x00000000d6180000,0x00000000d6200000)
 ParOldGen       total 68608K, used 59546K [0x0000000080000000, 0x0000000084300000, 0x00000000d5580000)
  object space 68608K, 86% used [0x0000000080000000,0x0000000083a26b10,0x0000000084300000)
 Metaspace       used 68781K, committed 70336K, reserved 1114112K
  class space    used 8527K, committed 9280K, reserved 1048576K
}
Event: 59.524 GC heap before
{Heap before GC invocations=84 (full 3):
 PSYoungGen      total 12288K, used 12000K [0x00000000d5580000, 0x00000000d6280000, 0x0000000100000000)
  eden space 11776K, 100% used [0x00000000d5580000,0x00000000d6100000,0x00000000d6100000)
  from space 512K, 43% used [0x00000000d6200000,0x00000000d6238000,0x00000000d6280000)
  to   space 512K, 0% used [0x00000000d6180000,0x00000000d6180000,0x00000000d6200000)
 ParOldGen       total 68608K, used 59546K [0x0000000080000000, 0x0000000084300000, 0x00000000d5580000)
  object space 68608K, 86% used [0x0000000080000000,0x0000000083a26b10,0x0000000084300000)
 Metaspace       used 68946K, committed 70464K, reserved 1114112K
  class space    used 8550K, committed 9280K, reserved 1048576K
}
Event: 59.525 GC heap after
{Heap after GC invocations=84 (full 3):
 PSYoungGen      total 12288K, used 352K [0x00000000d5580000, 0x00000000d6280000, 0x0000000100000000)
  eden space 11776K, 0% used [0x00000000d5580000,0x00000000d5580000,0x00000000d6100000)
  from space 512K, 68% used [0x00000000d6180000,0x00000000d61d8000,0x00000000d6200000)
  to   space 512K, 0% used [0x00000000d6200000,0x00000000d6200000,0x00000000d6280000)
 ParOldGen       total 68608K, used 59634K [0x0000000080000000, 0x0000000084300000, 0x00000000d5580000)
  object space 68608K, 86% used [0x0000000080000000,0x0000000083a3cb10,0x0000000084300000)
 Metaspace       used 68946K, committed 70464K, reserved 1114112K
  class space    used 8550K, committed 9280K, reserved 1048576K
}
Event: 59.611 GC heap before
{Heap before GC invocations=85 (full 3):
 PSYoungGen      total 12288K, used 12128K [0x00000000d5580000, 0x00000000d6280000, 0x0000000100000000)
  eden space 11776K, 100% used [0x00000000d5580000,0x00000000d6100000,0x00000000d6100000)
  from space 512K, 68% used [0x00000000d6180000,0x00000000d61d8000,0x00000000d6200000)
  to   space 512K, 0% used [0x00000000d6200000,0x00000000d6200000,0x00000000d6280000)
 ParOldGen       total 68608K, used 59634K [0x0000000080000000, 0x0000000084300000, 0x00000000d5580000)
  object space 68608K, 86% used [0x0000000080000000,0x0000000083a3cb10,0x0000000084300000)
 Metaspace       used 68946K, committed 70464K, reserved 1114112K
  class space    used 8550K, committed 9280K, reserved 1048576K
}
Event: 59.612 GC heap after
{Heap after GC invocations=85 (full 3):
 PSYoungGen      total 12288K, used 192K [0x00000000d5580000, 0x00000000d6280000, 0x0000000100000000)
  eden space 11776K, 0% used [0x00000000d5580000,0x00000000d5580000,0x00000000d6100000)
  from space 512K, 37% used [0x00000000d6200000,0x00000000d6230000,0x00000000d6280000)
  to   space 512K, 0% used [0x00000000d6180000,0x00000000d6180000,0x00000000d6200000)
 ParOldGen       total 68608K, used 59850K [0x0000000080000000, 0x0000000084300000, 0x00000000d5580000)
  object space 68608K, 87% used [0x0000000080000000,0x0000000083a72b10,0x0000000084300000)
 Metaspace       used 68946K, committed 70464K, reserved 1114112K
  class space    used 8550K, committed 9280K, reserved 1048576K
}
Event: 59.685 GC heap before
{Heap before GC invocations=86 (full 3):
 PSYoungGen      total 12288K, used 11968K [0x00000000d5580000, 0x00000000d6280000, 0x0000000100000000)
  eden space 11776K, 100% used [0x00000000d5580000,0x00000000d6100000,0x00000000d6100000)
  from space 512K, 37% used [0x00000000d6200000,0x00000000d6230000,0x00000000d6280000)
  to   space 512K, 0% used [0x00000000d6180000,0x00000000d6180000,0x00000000d6200000)
 ParOldGen       total 68608K, used 59850K [0x0000000080000000, 0x0000000084300000, 0x00000000d5580000)
  object space 68608K, 87% used [0x0000000080000000,0x0000000083a72b10,0x0000000084300000)
 Metaspace       used 68946K, committed 70464K, reserved 1114112K
  class space    used 8550K, committed 9280K, reserved 1048576K
}
Event: 59.685 GC heap after
{Heap after GC invocations=86 (full 3):
 PSYoungGen      total 12288K, used 256K [0x00000000d5580000, 0x00000000d6280000, 0x0000000100000000)
  eden space 11776K, 0% used [0x00000000d5580000,0x00000000d5580000,0x00000000d6100000)
  from space 512K, 50% used [0x00000000d6180000,0x00000000d61c0000,0x00000000d6200000)
  to   space 512K, 0% used [0x00000000d6200000,0x00000000d6200000,0x00000000d6280000)
 ParOldGen       total 68608K, used 59890K [0x0000000080000000, 0x0000000084300000, 0x00000000d5580000)
  object space 68608K, 87% used [0x0000000080000000,0x0000000083a7cb10,0x0000000084300000)
 Metaspace       used 68946K, committed 70464K, reserved 1114112K
  class space    used 8550K, committed 9280K, reserved 1048576K
}
Event: 59.759 GC heap before
{Heap before GC invocations=87 (full 3):
 PSYoungGen      total 12288K, used 12032K [0x00000000d5580000, 0x00000000d6280000, 0x0000000100000000)
  eden space 11776K, 100% used [0x00000000d5580000,0x00000000d6100000,0x00000000d6100000)
  from space 512K, 50% used [0x00000000d6180000,0x00000000d61c0000,0x00000000d6200000)
  to   space 512K, 0% used [0x00000000d6200000,0x00000000d6200000,0x00000000d6280000)
 ParOldGen       total 68608K, used 59890K [0x0000000080000000, 0x0000000084300000, 0x00000000d5580000)
  object space 68608K, 87% used [0x0000000080000000,0x0000000083a7cb10,0x0000000084300000)
 Metaspace       used 68946K, committed 70464K, reserved 1114112K
  class space    used 8550K, committed 9280K, reserved 1048576K
}
Event: 59.759 GC heap after
{Heap after GC invocations=87 (full 3):
 PSYoungGen      total 12288K, used 192K [0x00000000d5580000, 0x00000000d6280000, 0x0000000100000000)
  eden space 11776K, 0% used [0x00000000d5580000,0x00000000d5580000,0x00000000d6100000)
  from space 512K, 37% used [0x00000000d6200000,0x00000000d6230000,0x00000000d6280000)
  to   space 512K, 0% used [0x00000000d6180000,0x00000000d6180000,0x00000000d6200000)
 ParOldGen       total 68608K, used 59938K [0x0000000080000000, 0x0000000084300000, 0x00000000d5580000)
  object space 68608K, 87% used [0x0000000080000000,0x0000000083a88b10,0x0000000084300000)
 Metaspace       used 68946K, committed 70464K, reserved 1114112K
  class space    used 8550K, committed 9280K, reserved 1048576K
}
Event: 59.977 GC heap before
{Heap before GC invocations=88 (full 3):
 PSYoungGen      total 12288K, used 11968K [0x00000000d5580000, 0x00000000d6280000, 0x0000000100000000)
  eden space 11776K, 100% used [0x00000000d5580000,0x00000000d6100000,0x00000000d6100000)
  from space 512K, 37% used [0x00000000d6200000,0x00000000d6230000,0x00000000d6280000)
  to   space 512K, 0% used [0x00000000d6180000,0x00000000d6180000,0x00000000d6200000)
 ParOldGen       total 68608K, used 59938K [0x0000000080000000, 0x0000000084300000, 0x00000000d5580000)
  object space 68608K, 87% used [0x0000000080000000,0x0000000083a88b10,0x0000000084300000)
 Metaspace       used 69326K, committed 70848K, reserved 1114112K
  class space    used 8592K, committed 9280K, reserved 1048576K
}
Event: 59.980 GC heap after
{Heap after GC invocations=88 (full 3):
 PSYoungGen      total 12288K, used 512K [0x00000000d5580000, 0x00000000d6500000, 0x0000000100000000)
  eden space 11776K, 0% used [0x00000000d5580000,0x00000000d5580000,0x00000000d6100000)
  from space 512K, 100% used [0x00000000d6180000,0x00000000d6200000,0x00000000d6200000)
  to   space 2048K, 0% used [0x00000000d6300000,0x00000000d6300000,0x00000000d6500000)
 ParOldGen       total 68608K, used 61113K [0x0000000080000000, 0x0000000084300000, 0x00000000d5580000)
  object space 68608K, 89% used [0x0000000080000000,0x0000000083bae508,0x0000000084300000)
 Metaspace       used 69326K, committed 70848K, reserved 1114112K
  class space    used 8592K, committed 9280K, reserved 1048576K
}
Event: 60.279 GC heap before
{Heap before GC invocations=89 (full 3):
 PSYoungGen      total 12288K, used 12288K [0x00000000d5580000, 0x00000000d6500000, 0x0000000100000000)
  eden space 11776K, 100% used [0x00000000d5580000,0x00000000d6100000,0x00000000d6100000)
  from space 512K, 100% used [0x00000000d6180000,0x00000000d6200000,0x00000000d6200000)
  to   space 2048K, 0% used [0x00000000d6300000,0x00000000d6300000,0x00000000d6500000)
 ParOldGen       total 68608K, used 61113K [0x0000000080000000, 0x0000000084300000, 0x00000000d5580000)
  object space 68608K, 89% used [0x0000000080000000,0x0000000083bae508,0x0000000084300000)
 Metaspace       used 70427K, committed 71872K, reserved 1114112K
  class space    used 8691K, committed 9344K, reserved 1048576K
}
Event: 60.283 GC heap after
{Heap after GC invocations=89 (full 3):
 PSYoungGen      total 11776K, used 2027K [0x00000000d5580000, 0x00000000d6900000, 0x0000000100000000)
  eden space 9728K, 0% used [0x00000000d5580000,0x00000000d5580000,0x00000000d5f00000)
  from space 2048K, 98% used [0x00000000d6300000,0x00000000d64faca8,0x00000000d6500000)
  to   space 4096K, 0% used [0x00000000d5f00000,0x00000000d5f00000,0x00000000d6300000)
 ParOldGen       total 68608K, used 62377K [0x0000000080000000, 0x0000000084300000, 0x00000000d5580000)
  object space 68608K, 90% used [0x0000000080000000,0x0000000083cea538,0x0000000084300000)
 Metaspace       used 70427K, committed 71872K, reserved 1114112K
  class space    used 8691K, committed 9344K, reserved 1048576K
}
Event: 60.551 GC heap before
{Heap before GC invocations=90 (full 3):
 PSYoungGen      total 11776K, used 11755K [0x00000000d5580000, 0x00000000d6900000, 0x0000000100000000)
  eden space 9728K, 100% used [0x00000000d5580000,0x00000000d5f00000,0x00000000d5f00000)
  from space 2048K, 98% used [0x00000000d6300000,0x00000000d64faca8,0x00000000d6500000)
  to   space 4096K, 0% used [0x00000000d5f00000,0x00000000d5f00000,0x00000000d6300000)
 ParOldGen       total 68608K, used 62377K [0x0000000080000000, 0x0000000084300000, 0x00000000d5580000)
  object space 68608K, 90% used [0x0000000080000000,0x0000000083cea538,0x0000000084300000)
 Metaspace       used 71475K, committed 73024K, reserved 1114112K
  class space    used 8795K, committed 9536K, reserved 1048576K
}
Event: 60.554 GC heap after
{Heap after GC invocations=90 (full 3):
 PSYoungGen      total 11264K, used 1040K [0x00000000d5580000, 0x00000000d6380000, 0x0000000100000000)
  eden space 9728K, 0% used [0x00000000d5580000,0x00000000d5580000,0x00000000d5f00000)
  from space 1536K, 67% used [0x00000000d5f00000,0x00000000d6004010,0x00000000d6080000)
  to   space 2048K, 0% used [0x00000000d6180000,0x00000000d6180000,0x00000000d6380000)
 ParOldGen       total 68608K, used 63034K [0x0000000080000000, 0x0000000084300000, 0x00000000d5580000)
  object space 68608K, 91% used [0x0000000080000000,0x0000000083d8ea88,0x0000000084300000)
 Metaspace       used 71475K, committed 73024K, reserved 1114112K
  class space    used 8795K, committed 9536K, reserved 1048576K
}
Event: 60.724 GC heap before
{Heap before GC invocations=91 (full 3):
 PSYoungGen      total 11264K, used 10768K [0x00000000d5580000, 0x00000000d6380000, 0x0000000100000000)
  eden space 9728K, 100% used [0x00000000d5580000,0x00000000d5f00000,0x00000000d5f00000)
  from space 1536K, 67% used [0x00000000d5f00000,0x00000000d6004010,0x00000000d6080000)
  to   space 2048K, 0% used [0x00000000d6180000,0x00000000d6180000,0x00000000d6380000)
 ParOldGen       total 68608K, used 63034K [0x0000000080000000, 0x0000000084300000, 0x00000000d5580000)
  object space 68608K, 91% used [0x0000000080000000,0x0000000083d8ea88,0x0000000084300000)
 Metaspace       used 71957K, committed 73472K, reserved 1114112K
  class space    used 8856K, committed 9536K, reserved 1048576K
}
Event: 60.731 GC heap after
{Heap after GC invocations=91 (full 3):
 PSYoungGen      total 10752K, used 896K [0x00000000d5580000, 0x00000000d6280000, 0x0000000100000000)
  eden space 9728K, 0% used [0x00000000d5580000,0x00000000d5580000,0x00000000d5f00000)
  from space 1024K, 87% used [0x00000000d6180000,0x00000000d6260010,0x00000000d6280000)
  to   space 1536K, 0% used [0x00000000d5f80000,0x00000000d5f80000,0x00000000d6100000)
 ParOldGen       total 68608K, used 63943K [0x0000000080000000, 0x0000000084300000, 0x00000000d5580000)
  object space 68608K, 93% used [0x0000000080000000,0x0000000083e71df0,0x0000000084300000)
 Metaspace       used 71957K, committed 73472K, reserved 1114112K
  class space    used 8856K, committed 9536K, reserved 1048576K
}
Event: 60.792 GC heap before
{Heap before GC invocations=92 (full 3):
 PSYoungGen      total 10752K, used 10624K [0x00000000d5580000, 0x00000000d6280000, 0x0000000100000000)
  eden space 9728K, 100% used [0x00000000d5580000,0x00000000d5f00000,0x00000000d5f00000)
  from space 1024K, 87% used [0x00000000d6180000,0x00000000d6260010,0x00000000d6280000)
  to   space 1536K, 0% used [0x00000000d5f80000,0x00000000d5f80000,0x00000000d6100000)
 ParOldGen       total 68608K, used 63943K [0x0000000080000000, 0x0000000084300000, 0x00000000d5580000)
  object space 68608K, 93% used [0x0000000080000000,0x0000000083e71df0,0x0000000084300000)
 Metaspace       used 71957K, committed 73472K, reserved 1114112K
  class space    used 8856K, committed 9536K, reserved 1048576K
}
Event: 60.799 GC heap after
{Heap after GC invocations=92 (full 3):
 PSYoungGen      total 11264K, used 1088K [0x00000000d5580000, 0x00000000d6200000, 0x0000000100000000)
  eden space 9728K, 0% used [0x00000000d5580000,0x00000000d5580000,0x00000000d5f00000)
  from space 1536K, 70% used [0x00000000d5f80000,0x00000000d6090010,0x00000000d6100000)
  to   space 1024K, 0% used [0x00000000d6100000,0x00000000d6100000,0x00000000d6200000)
 ParOldGen       total 68608K, used 64687K [0x0000000080000000, 0x0000000084300000, 0x00000000d5580000)
  object space 68608K, 94% used [0x0000000080000000,0x0000000083f2bdf0,0x0000000084300000)
 Metaspace       used 71957K, committed 73472K, reserved 1114112K
  class space    used 8856K, committed 9536K, reserved 1048576K
}

