# JRE version: OpenJDK Runtime Environment Temurin-21.0.10+7 (21.0.10+7) (build 21.0.10+7-LTS)
# Java VM: OpenJDK 64-Bit Server VM Temurin-21.0.10+7 (21.0.10+7-LTS, mixed mode, sharing, tiered, compressed oops, compressed class ptrs, g1 gc, windows-amd64)
GC Precious Log:
 CardTable entry size: 512
 Card Set container configuration: InlinePtr #cards 5 size 8 Array Of Cards #cards 12 size 40 Howl #buckets 4 coarsen threshold 1843 Howl Bitmap #cards 512 size 80 coarsen threshold 460 Card regions per heap region 1 cards per card region 2048
 CPUs: 8 total, 8 available
 Memory: 15647M
 Large Page Support: Disabled
 NUMA Support: Disabled
 Compressed Oops: Enabled (32-bit)
 Heap Region Size: 1M
 Heap Min Capacity: 8M
 Heap Initial Capacity: 246M
 Heap Max Capacity: 2G
 Pre-touch: Disabled
 Parallel Workers: 8
 Concurrent Workers: 2
 Concurrent Refinement Workers: 8
 Periodic GC: Disabled
Heap:
 garbage-first heap   total 150528K, used 124989K [0x0000000080000000, 0x0000000100000000)
  region size 1024K, 40 young (40960K), 4 survivors (4096K)
 Metaspace       used 80914K, committed 82880K, reserved 1179648K
  class space    used 11545K, committed 12480K, reserved 1048576K
GC Heap History (20 events):
Event: 10.370 GC heap before
{Heap before GC invocations=18 (full 0):
 garbage-first heap   total 112640K, used 87312K [0x0000000080000000, 0x0000000100000000)
  region size 1024K, 22 young (22528K), 2 survivors (2048K)
 Metaspace       used 54071K, committed 55744K, reserved 1114112K
  class space    used 7679K, committed 8512K, reserved 1048576K
}
Event: 10.373 GC heap after
{Heap after GC invocations=19 (full 0):
 garbage-first heap   total 112640K, used 67517K [0x0000000080000000, 0x0000000100000000)
  region size 1024K, 2 young (2048K), 2 survivors (2048K)
 Metaspace       used 54071K, committed 55744K, reserved 1114112K
  class space    used 7679K, committed 8512K, reserved 1048576K
}
Event: 10.777 GC heap before
{Heap before GC invocations=19 (full 0):
 garbage-first heap   total 112640K, used 106429K [0x0000000080000000, 0x0000000100000000)
  region size 1024K, 36 young (36864K), 2 survivors (2048K)
 Metaspace       used 57360K, committed 59136K, reserved 1114112K
  class space    used 8167K, committed 9024K, reserved 1048576K
}
Event: 10.781 GC heap after
{Heap after GC invocations=20 (full 0):
 garbage-first heap   total 115712K, used 71929K [0x0000000080000000, 0x0000000100000000)
  region size 1024K, 5 young (5120K), 5 survivors (5120K)
 Metaspace       used 57360K, committed 59136K, reserved 1114112K
  class space    used 8167K, committed 9024K, reserved 1048576K
}
Event: 11.375 GC heap before
{Heap before GC invocations=20 (full 0):
 garbage-first heap   total 115712K, used 103673K [0x0000000080000000, 0x0000000100000000)
  region size 1024K, 36 young (36864K), 5 survivors (5120K)
 Metaspace       used 59866K, committed 61632K, reserved 1114112K
  class space    used 8501K, committed 9344K, reserved 1048576K
}
Event: 11.380 GC heap after
{Heap after GC invocations=21 (full 0):
 garbage-first heap   total 115712K, used 74248K [0x0000000080000000, 0x0000000100000000)
  region size 1024K, 2 young (2048K), 2 survivors (2048K)
 Metaspace       used 59866K, committed 61632K, reserved 1114112K
  class space    used 8501K, committed 9344K, reserved 1048576K
}
Event: 12.072 GC heap before
{Heap before GC invocations=22 (full 0):
 garbage-first heap   total 124928K, used 104968K [0x0000000080000000, 0x0000000100000000)
  region size 1024K, 32 young (32768K), 2 survivors (2048K)
 Metaspace       used 63348K, committed 65216K, reserved 1114112K
  class space    used 8950K, committed 9856K, reserved 1048576K
}
Event: 12.075 GC heap after
{Heap after GC invocations=23 (full 0):
 garbage-first heap   total 124928K, used 75674K [0x0000000080000000, 0x0000000100000000)
  region size 1024K, 4 young (4096K), 4 survivors (4096K)
 Metaspace       used 63348K, committed 65216K, reserved 1114112K
  class space    used 8950K, committed 9856K, reserved 1048576K
}
Event: 12.993 GC heap before
{Heap before GC invocations=23 (full 0):
 garbage-first heap   total 124928K, used 117658K [0x0000000080000000, 0x0000000100000000)
  region size 1024K, 41 young (41984K), 4 survivors (4096K)
 Metaspace       used 67576K, committed 69376K, reserved 1114112K
  class space    used 9561K, committed 10432K, reserved 1048576K
}
Event: 12.999 GC heap after
{Heap after GC invocations=24 (full 0):
 garbage-first heap   total 125952K, used 80685K [0x0000000080000000, 0x0000000100000000)
  region size 1024K, 4 young (4096K), 4 survivors (4096K)
 Metaspace       used 67576K, committed 69376K, reserved 1114112K
  class space    used 9561K, committed 10432K, reserved 1048576K
}
Event: 13.955 GC heap before
{Heap before GC invocations=24 (full 0):
 garbage-first heap   total 125952K, used 115501K [0x0000000080000000, 0x0000000100000000)
  region size 1024K, 38 young (38912K), 4 survivors (4096K)
 Metaspace       used 70485K, committed 72320K, reserved 1114112K
  class space    used 9928K, committed 10816K, reserved 1048576K
}
Event: 13.961 GC heap after
{Heap after GC invocations=25 (full 0):
 garbage-first heap   total 125952K, used 83358K [0x0000000080000000, 0x0000000100000000)
  region size 1024K, 5 young (5120K), 5 survivors (5120K)
 Metaspace       used 70485K, committed 72320K, reserved 1114112K
  class space    used 9928K, committed 10816K, reserved 1048576K
}
Event: 15.192 GC heap before
{Heap before GC invocations=26 (full 0):
 garbage-first heap   total 140288K, used 116126K [0x0000000080000000, 0x0000000100000000)
  region size 1024K, 38 young (38912K), 5 survivors (5120K)
 Metaspace       used 71424K, committed 73280K, reserved 1114112K
  class space    used 10046K, committed 10944K, reserved 1048576K
}
Event: 15.198 GC heap after
{Heap after GC invocations=27 (full 0):
 garbage-first heap   total 140288K, used 86726K [0x0000000080000000, 0x0000000100000000)
  region size 1024K, 5 young (5120K), 5 survivors (5120K)
 Metaspace       used 71424K, committed 73280K, reserved 1114112K
  class space    used 10046K, committed 10944K, reserved 1048576K
}
Event: 17.241 GC heap before
{Heap before GC invocations=27 (full 0):
 garbage-first heap   total 140288K, used 128710K [0x0000000080000000, 0x0000000100000000)
  region size 1024K, 46 young (47104K), 5 survivors (5120K)
 Metaspace       used 74793K, committed 76736K, reserved 1114112K
  class space    used 10506K, committed 11456K, reserved 1048576K
}
Event: 17.248 GC heap after
{Heap after GC invocations=28 (full 0):
 garbage-first heap   total 140288K, used 87468K [0x0000000080000000, 0x0000000100000000)
  region size 1024K, 5 young (5120K), 5 survivors (5120K)
 Metaspace       used 74793K, committed 76736K, reserved 1114112K
  class space    used 10506K, committed 11456K, reserved 1048576K
}
Event: 17.283 GC heap before
{Heap before GC invocations=28 (full 0):
 garbage-first heap   total 140288K, used 88492K [0x0000000080000000, 0x0000000100000000)
  region size 1024K, 7 young (7168K), 5 survivors (5120K)
 Metaspace       used 74868K, committed 76800K, reserved 1114112K
  class space    used 10515K, committed 11456K, reserved 1048576K
}
Event: 17.287 GC heap after
{Heap after GC invocations=29 (full 0):
 garbage-first heap   total 140288K, used 87894K [0x0000000080000000, 0x0000000100000000)
  region size 1024K, 3 young (3072K), 3 survivors (3072K)
 Metaspace       used 74868K, committed 76800K, reserved 1114112K
  class space    used 10515K, committed 11456K, reserved 1048576K
}
Event: 18.556 GC heap before
{Heap before GC invocations=30 (full 0):
 garbage-first heap   total 150528K, used 130902K [0x0000000080000000, 0x0000000100000000)
  region size 1024K, 44 young (45056K), 3 survivors (3072K)
 Metaspace       used 78219K, committed 80128K, reserved 1179648K
  class space    used 11141K, committed 12096K, reserved 1048576K
}
Event: 18.559 GC heap after
{Heap after GC invocations=31 (full 0):
 garbage-first heap   total 150528K, used 89149K [0x0000000080000000, 0x0000000100000000)
  region size 1024K, 4 young (4096K), 4 survivors (4096K)
 Metaspace       used 78219K, committed 80128K, reserved 1179648K
  class space    used 11141K, committed 12096K, reserved 1048576K
}

