# JRE version: OpenJDK Runtime Environment Temurin-21.0.10+7 (21.0.10+7) (build 21.0.10+7-LTS)
# Java VM: OpenJDK 64-Bit Server VM Temurin-21.0.10+7 (21.0.10+7-LTS, mixed mode, sharing, tiered, compressed oops, compressed class ptrs, g1 gc, windows-amd64)
GC Precious Log:
 CardTable entry size: 512
 Card Set container configuration: InlinePtr #cards 5 size 8 Array Of Cards #cards 12 size 40 Howl #buckets 4 coarsen threshold 1843 Howl Bitmap #cards 512 size 80 coarsen threshold 460 Card regions per heap region 1 cards per card region 2048
 CPUs: 8 total, 8 available
 Memory: 15647M
 Large Page Support: Disabled
 NUMA Support: Disabled
 Compressed Oops: Enabled (32-bit)
 Heap Region Size: 1M
 Heap Min Capacity: 8M
 Heap Initial Capacity: 246M
 Heap Max Capacity: 1G
 Pre-touch: Disabled
 Parallel Workers: 8
 Concurrent Workers: 2
 Concurrent Refinement Workers: 8
 Periodic GC: Disabled
Heap:
 garbage-first heap   total 122880K, used 98482K [0x00000000c0000000, 0x0000000100000000)
  region size 1024K, 30 young (30720K), 4 survivors (4096K)
 Metaspace       used 58595K, committed 60416K, reserved 1114112K
  class space    used 8337K, committed 9216K, reserved 1048576K
GC Heap History (20 events):
Event: 10.150 GC heap before
{Heap before GC invocations=9 (full 0):
 garbage-first heap   total 81920K, used 71123K [0x00000000c0000000, 0x0000000100000000)
  region size 1024K, 41 young (41984K), 3 survivors (3072K)
 Metaspace       used 39504K, committed 40960K, reserved 1114112K
  class space    used 5879K, committed 6592K, reserved 1048576K
}
Event: 10.154 GC heap after
{Heap after GC invocations=10 (full 0):
 garbage-first heap   total 81920K, used 35258K [0x00000000c0000000, 0x0000000100000000)
  region size 1024K, 6 young (6144K), 6 survivors (6144K)
 Metaspace       used 39504K, committed 40960K, reserved 1114112K
  class space    used 5879K, committed 6592K, reserved 1048576K
}
Event: 10.883 GC heap before
{Heap before GC invocations=10 (full 0):
 garbage-first heap   total 81920K, used 73146K [0x00000000c0000000, 0x0000000100000000)
  region size 1024K, 41 young (41984K), 6 survivors (6144K)
 Metaspace       used 44402K, committed 45952K, reserved 1114112K
  class space    used 6589K, committed 7360K, reserved 1048576K
}
Event: 10.888 GC heap after
{Heap after GC invocations=11 (full 0):
 garbage-first heap   total 82944K, used 36617K [0x00000000c0000000, 0x0000000100000000)
  region size 1024K, 3 young (3072K), 3 survivors (3072K)
 Metaspace       used 44402K, committed 45952K, reserved 1114112K
  class space    used 6589K, committed 7360K, reserved 1048576K
}
Event: 12.726 GC heap before
{Heap before GC invocations=11 (full 0):
 garbage-first heap   total 82944K, used 73481K [0x00000000c0000000, 0x0000000100000000)
  region size 1024K, 39 young (39936K), 3 survivors (3072K)
 Metaspace       used 45849K, committed 47424K, reserved 1114112K
  class space    used 6743K, committed 7488K, reserved 1048576K
}
Event: 12.731 GC heap after
{Heap after GC invocations=12 (full 0):
 garbage-first heap   total 82944K, used 42162K [0x00000000c0000000, 0x0000000100000000)
  region size 1024K, 5 young (5120K), 5 survivors (5120K)
 Metaspace       used 45849K, committed 47424K, reserved 1114112K
  class space    used 6743K, committed 7488K, reserved 1048576K
}
Event: 12.885 GC heap before
{Heap before GC invocations=12 (full 0):
 garbage-first heap   total 82944K, used 58546K [0x00000000c0000000, 0x0000000100000000)
  region size 1024K, 22 young (22528K), 5 survivors (5120K)
 Metaspace       used 46169K, committed 47808K, reserved 1114112K
  class space    used 6772K, committed 7552K, reserved 1048576K
}
Event: 12.889 GC heap after
{Heap after GC invocations=13 (full 0):
 garbage-first heap   total 82944K, used 44278K [0x00000000c0000000, 0x0000000100000000)
  region size 1024K, 3 young (3072K), 3 survivors (3072K)
 Metaspace       used 46169K, committed 47808K, reserved 1114112K
  class space    used 6772K, committed 7552K, reserved 1048576K
}
Event: 13.563 GC heap before
{Heap before GC invocations=14 (full 0):
 garbage-first heap   total 82944K, used 82166K [0x00000000c0000000, 0x0000000100000000)
  region size 1024K, 26 young (26624K), 3 survivors (3072K)
 Metaspace       used 47566K, committed 49216K, reserved 1114112K
  class space    used 6999K, committed 7808K, reserved 1048576K
}
Event: 13.566 GC heap after
{Heap after GC invocations=15 (full 0):
 garbage-first heap   total 92160K, used 64444K [0x00000000c0000000, 0x0000000100000000)
  region size 1024K, 4 young (4096K), 4 survivors (4096K)
 Metaspace       used 47566K, committed 49216K, reserved 1114112K
  class space    used 6999K, committed 7808K, reserved 1048576K
}
Event: 13.821 GC heap before
{Heap before GC invocations=15 (full 0):
 garbage-first heap   total 92160K, used 83900K [0x00000000c0000000, 0x0000000100000000)
  region size 1024K, 22 young (22528K), 4 survivors (4096K)
 Metaspace       used 49082K, committed 50752K, reserved 1114112K
  class space    used 7178K, committed 8000K, reserved 1048576K
}
Event: 13.824 GC heap after
{Heap after GC invocations=16 (full 0):
 garbage-first heap   total 92160K, used 65864K [0x00000000c0000000, 0x0000000100000000)
  region size 1024K, 2 young (2048K), 2 survivors (2048K)
 Metaspace       used 49082K, committed 50752K, reserved 1114112K
  class space    used 7178K, committed 8000K, reserved 1048576K
}
Event: 14.066 GC heap before
{Heap before GC invocations=16 (full 0):
 garbage-first heap   total 92160K, used 81224K [0x00000000c0000000, 0x0000000100000000)
  region size 1024K, 18 young (18432K), 2 survivors (2048K)
 Metaspace       used 50836K, committed 52480K, reserved 1114112K
  class space    used 7345K, committed 8128K, reserved 1048576K
}
Event: 14.068 GC heap after
{Heap after GC invocations=17 (full 0):
 garbage-first heap   total 92160K, used 66713K [0x00000000c0000000, 0x0000000100000000)
  region size 1024K, 2 young (2048K), 2 survivors (2048K)
 Metaspace       used 50836K, committed 52480K, reserved 1114112K
  class space    used 7345K, committed 8128K, reserved 1048576K
}
Event: 14.341 GC heap before
{Heap before GC invocations=18 (full 0):
 garbage-first heap   total 112640K, used 83097K [0x00000000c0000000, 0x0000000100000000)
  region size 1024K, 19 young (19456K), 2 survivors (2048K)
 Metaspace       used 52769K, committed 54400K, reserved 1114112K
  class space    used 7543K, committed 8320K, reserved 1048576K
}
Event: 14.343 GC heap after
{Heap after GC invocations=19 (full 0):
 garbage-first heap   total 112640K, used 66690K [0x00000000c0000000, 0x0000000100000000)
  region size 1024K, 1 young (1024K), 1 survivors (1024K)
 Metaspace       used 52769K, committed 54400K, reserved 1114112K
  class space    used 7543K, committed 8320K, reserved 1048576K
}
Event: 14.827 GC heap before
{Heap before GC invocations=19 (full 0):
 garbage-first heap   total 112640K, used 97410K [0x00000000c0000000, 0x0000000100000000)
  region size 1024K, 32 young (32768K), 1 survivors (1024K)
 Metaspace       used 56102K, committed 57856K, reserved 1114112K
  class space    used 8034K, committed 8896K, reserved 1048576K
}
Event: 14.831 GC heap after
{Heap after GC invocations=20 (full 0):
 garbage-first heap   total 112640K, used 67770K [0x00000000c0000000, 0x0000000100000000)
  region size 1024K, 3 young (3072K), 3 survivors (3072K)
 Metaspace       used 56102K, committed 57856K, reserved 1114112K
  class space    used 8034K, committed 8896K, reserved 1048576K
}
Event: 14.915 GC heap before
{Heap before GC invocations=20 (full 0):
 garbage-first heap   total 112640K, used 70842K [0x00000000c0000000, 0x0000000100000000)
  region size 1024K, 7 young (7168K), 3 survivors (3072K)
 Metaspace       used 57288K, committed 59072K, reserved 1114112K
  class space    used 8160K, committed 9024K, reserved 1048576K
}
Event: 14.918 GC heap after
{Heap after GC invocations=21 (full 0):
 garbage-first heap   total 112640K, used 68786K [0x00000000c0000000, 0x0000000100000000)
  region size 1024K, 4 young (4096K), 4 survivors (4096K)
 Metaspace       used 57288K, committed 59072K, reserved 1114112K
  class space    used 8160K, committed 9024K, reserved 1048576K
}

